<?xml version="1.0" encoding="UTF-8"?>
<!-- Generated by org.testng.reporters.JUnitXMLReporter -->
<testsuite ignored="2" hostname="DESKTOP-81ARGGN" failures="0" tests="4" name="Default test" time="91.765" errors="0" timestamp="2021-06-09T12:39:11 IST">
  <testcase classname="com.cyient.test.LoginTest" name="validCredentialTest" time="6.188"/>
  <testcase classname="com.cyient.test.LoginTest" name="validCredentialTest" time="7.971"/>
  <testcase classname="com.cyient.test.LoginTest" name="validCredentialTest" time="6.689"/>
  <testcase classname="com.cyient.test.LoginTest" name="validCredentialTest" time="9.155"/>
  <testcase classname="com.cyient.test.LoginTest" name="validateUIComponentTest" time="0.0">
    <ignored/>
  </testcase> <!-- validateUIComponentTest -->
  <testcase classname="com.cyient.test.LoginTest" name="invalidCredentialTest" time="0.0">
    <ignored/>
  </testcase> <!-- invalidCredentialTest -->
</testsuite> <!-- Default test -->
