<?xml version="1.0" encoding="UTF-8"?>
<!-- Generated by org.testng.reporters.JUnitXMLReporter -->
<testsuite ignored="2" hostname="DESKTOP-81ARGGN" failures="0" tests="2" name="Default test" time="17.602" errors="0" timestamp="2021-06-08T12:56:16 IST">
  <testcase classname="com.cyient.test.LoginTest" name="invalidCredentialTest" time="1.955"/>
  <testcase classname="com.cyient.test.LoginTest" name="invalidCredentialTest" time="1.517"/>
  <testcase classname="com.cyient.test.LoginTest" name="validCredentialTest" time="0.0">
    <ignored/>
  </testcase> <!-- validCredentialTest -->
  <testcase classname="com.cyient.test.LoginTest" name="validateUIComponentTest" time="0.0">
    <ignored/>
  </testcase> <!-- validateUIComponentTest -->
</testsuite> <!-- Default test -->
