<?xml version="1.0" encoding="UTF-8"?>
<testng-results ignored="2" total="6" passed="4" failed="0" skipped="0">
  <reporter-output>
  </reporter-output>
  <suite started-at="2021-06-09T12:37:39 IST" name="Default suite" finished-at="2021-06-09T12:39:11 IST" duration-ms="91765">
    <groups>
    </groups>
    <test started-at="2021-06-09T12:37:39 IST" name="Default test" finished-at="2021-06-09T12:39:11 IST" duration-ms="91765">
      <class name="com.cyient.test.LoginTest">
        <test-method is-config="true" signature="setup()[pri:0, instance:com.cyient.test.LoginTest@5d7148e2]" started-at="2021-06-09T12:38:15 IST" name="setup" finished-at="2021-06-09T12:38:22 IST" duration-ms="6627" status="PASS">
          <reporter-output>
          </reporter-output>
        </test-method> <!-- setup -->
        <test-method signature="validCredentialTest(java.lang.String,java.lang.String,java.lang.String,java.lang.String)[pri:0, instance:com.cyient.test.LoginTest@5d7148e2]" started-at="2021-06-09T12:38:22 IST" name="validCredentialTest" data-provider="validCredentialExcelData" finished-at="2021-06-09T12:38:28 IST" duration-ms="6188" status="PASS">
          <params>
            <param index="0">
              <value>
                <![CDATA[admin]]>
              </value>
            </param>
            <param index="1">
              <value>
                <![CDATA[pass]]>
              </value>
            </param>
            <param index="2">
              <value>
                <![CDATA[English (Indian)]]>
              </value>
            </param>
            <param index="3">
              <value>
                <![CDATA[OpenEMR]]>
              </value>
            </param>
          </params>
          <reporter-output>
          </reporter-output>
        </test-method> <!-- validCredentialTest -->
        <test-method is-config="true" signature="teardown()[pri:0, instance:com.cyient.test.LoginTest@5d7148e2]" started-at="2021-06-09T12:38:28 IST" name="teardown" finished-at="2021-06-09T12:38:29 IST" duration-ms="1344" status="PASS">
          <reporter-output>
          </reporter-output>
        </test-method> <!-- teardown -->
        <test-method is-config="true" signature="setup()[pri:0, instance:com.cyient.test.LoginTest@5d7148e2]" started-at="2021-06-09T12:38:29 IST" name="setup" finished-at="2021-06-09T12:38:34 IST" duration-ms="4998" status="PASS">
          <reporter-output>
          </reporter-output>
        </test-method> <!-- setup -->
        <test-method signature="validCredentialTest(java.lang.String,java.lang.String,java.lang.String,java.lang.String)[pri:0, instance:com.cyient.test.LoginTest@5d7148e2]" started-at="2021-06-09T12:38:34 IST" name="validCredentialTest" data-provider="validCredentialExcelData" finished-at="2021-06-09T12:38:42 IST" duration-ms="7971" status="PASS">
          <params>
            <param index="0">
              <value>
                <![CDATA[accountant]]>
              </value>
            </param>
            <param index="1">
              <value>
                <![CDATA[accountant]]>
              </value>
            </param>
            <param index="2">
              <value>
                <![CDATA[English (Indian)]]>
              </value>
            </param>
            <param index="3">
              <value>
                <![CDATA[OpenEMR]]>
              </value>
            </param>
          </params>
          <reporter-output>
          </reporter-output>
        </test-method> <!-- validCredentialTest -->
        <test-method is-config="true" signature="teardown()[pri:0, instance:com.cyient.test.LoginTest@5d7148e2]" started-at="2021-06-09T12:38:42 IST" name="teardown" finished-at="2021-06-09T12:38:43 IST" duration-ms="692" status="PASS">
          <reporter-output>
          </reporter-output>
        </test-method> <!-- teardown -->
        <test-method is-config="true" signature="setup()[pri:0, instance:com.cyient.test.LoginTest@5d7148e2]" started-at="2021-06-09T12:38:43 IST" name="setup" finished-at="2021-06-09T12:38:48 IST" duration-ms="5336" status="PASS">
          <reporter-output>
          </reporter-output>
        </test-method> <!-- setup -->
        <test-method signature="validCredentialTest(java.lang.String,java.lang.String,java.lang.String,java.lang.String)[pri:0, instance:com.cyient.test.LoginTest@5d7148e2]" started-at="2021-06-09T12:38:48 IST" name="validCredentialTest" data-provider="validCredentialExcelData" finished-at="2021-06-09T12:38:55 IST" duration-ms="6689" status="PASS">
          <params>
            <param index="0">
              <value>
                <![CDATA[physician]]>
              </value>
            </param>
            <param index="1">
              <value>
                <![CDATA[physician]]>
              </value>
            </param>
            <param index="2">
              <value>
                <![CDATA[English (Indian)]]>
              </value>
            </param>
            <param index="3">
              <value>
                <![CDATA[OpenEMR]]>
              </value>
            </param>
          </params>
          <reporter-output>
          </reporter-output>
        </test-method> <!-- validCredentialTest -->
        <test-method is-config="true" signature="teardown()[pri:0, instance:com.cyient.test.LoginTest@5d7148e2]" started-at="2021-06-09T12:38:55 IST" name="teardown" finished-at="2021-06-09T12:38:56 IST" duration-ms="706" status="PASS">
          <reporter-output>
          </reporter-output>
        </test-method> <!-- teardown -->
        <test-method is-config="true" signature="setup()[pri:0, instance:com.cyient.test.LoginTest@5d7148e2]" started-at="2021-06-09T12:38:56 IST" name="setup" finished-at="2021-06-09T12:39:01 IST" duration-ms="5701" status="PASS">
          <reporter-output>
          </reporter-output>
        </test-method> <!-- setup -->
        <test-method signature="validCredentialTest(java.lang.String,java.lang.String,java.lang.String,java.lang.String)[pri:0, instance:com.cyient.test.LoginTest@5d7148e2]" started-at="2021-06-09T12:39:01 IST" name="validCredentialTest" data-provider="validCredentialExcelData" finished-at="2021-06-09T12:39:10 IST" duration-ms="9155" status="PASS">
          <params>
            <param index="0">
              <value>
                <![CDATA[receptionist]]>
              </value>
            </param>
            <param index="1">
              <value>
                <![CDATA[receptionist]]>
              </value>
            </param>
            <param index="2">
              <value>
                <![CDATA[Dutch]]>
              </value>
            </param>
            <param index="3">
              <value>
                <![CDATA[OpenEMR]]>
              </value>
            </param>
          </params>
          <reporter-output>
          </reporter-output>
        </test-method> <!-- validCredentialTest -->
        <test-method is-config="true" signature="teardown()[pri:0, instance:com.cyient.test.LoginTest@5d7148e2]" started-at="2021-06-09T12:39:10 IST" name="teardown" finished-at="2021-06-09T12:39:11 IST" duration-ms="723" status="PASS">
          <reporter-output>
          </reporter-output>
        </test-method> <!-- teardown -->
      </class> <!-- com.cyient.test.LoginTest -->
    </test> <!-- Default test -->
  </suite> <!-- Default suite -->
</testng-results>
